\BOOKMARK [1][-]{section.1}{\376\377\000P\000r\000\351\000s\000e\000n\000t\000a\000t\000i\000o\000n\000\040\000d\000u\000\040\000p\000r\000o\000j\000e\000t}{}% 1
\BOOKMARK [2][-]{subsection.1.1}{\376\377\000S\000p\000\351\000c\000i\000f\000i\000c\000a\000t\000i\000o\000n\000\040\000m\000i\000n\000i\000m\000a\000l\000\040\000d\000e\000m\000a\000n\000d\000\351}{section.1}% 2
\BOOKMARK [2][-]{subsection.1.2}{\376\377\000F\000o\000n\000c\000t\000i\000o\000n\000n\000a\000l\000i\000t\000\351\000s\000\040\000i\000m\000p\000l\000\351\000m\000e\000n\000t\000\351\000s}{section.1}% 3
\BOOKMARK [2][-]{subsection.1.3}{\376\377\000L\000i\000b\000r\000a\000i\000r\000i\000e\000s\000\040\000u\000t\000i\000l\000i\000s\000\351\000s}{section.1}% 4
\BOOKMARK [1][-]{section.2}{\376\377\000O\000r\000g\000a\000n\000i\000s\000a\000t\000i\000o\000n\000\040\000d\000u\000\040\000p\000r\000o\000j\000e\000t}{}% 5
\BOOKMARK [2][-]{subsection.2.1}{\376\377\000A\000r\000b\000o\000r\000e\000s\000c\000e\000n\000c\000e\000\040\000d\000e\000s\000\040\000p\000a\000c\000k\000a\000g\000e\000s}{section.2}% 6
\BOOKMARK [2][-]{subsection.2.2}{\376\377\000D\000i\000a\000g\000r\000a\000m\000m\000e\000\040\000d\000e\000\040\000c\000l\000a\000s\000s\000e}{section.2}% 7
\BOOKMARK [3][-]{subsubsection.2.2.1}{\376\377\000C\000o\000r\000e}{subsection.2.2}% 8
\BOOKMARK [3][-]{subsubsection.2.2.2}{\376\377\000I\000n\000t\000e\000r\000f\000a\000c\000e}{subsection.2.2}% 9
\BOOKMARK [2][-]{subsection.2.3}{\376\377\000R\000\351\000p\000a\000r\000t\000i\000t\000i\000o\000n\000\040\000d\000e\000s\000\040\000t\000\342\000c\000h\000e\000s}{section.2}% 10
\BOOKMARK [1][-]{section.3}{\376\377\000P\000r\000o\000b\000l\000\350\000m\000e\000s\000\040\000e\000t\000\040\000s\000o\000l\000u\000t\000i\000o\000n\000s}{}% 11
\BOOKMARK [2][-]{subsection.3.1}{\376\377\000C\000a\000m\000e\000r\000a}{section.3}% 12
\BOOKMARK [3][-]{subsubsection.3.1.1}{\376\377\000L\000a\000n\000c\000e\000m\000e\000n\000t\000\040\000d\000e\000s\000\040\000r\000a\000y\000o\000n\000s}{subsection.3.1}% 13
\BOOKMARK [3][-]{subsubsection.3.1.2}{\376\377\000D\000\351\000p\000l\000a\000c\000e\000m\000e\000n\000t\000s}{subsection.3.1}% 14
\BOOKMARK [2][-]{subsection.3.2}{\376\377\000A\000c\000t\000e\000u\000r\000s}{section.3}% 15
\BOOKMARK [3][-]{subsubsection.3.2.1}{\376\377\000I\000n\000t\000e\000r\000s\000e\000c\000t\000i\000o\000n\000\040\000a\000v\000e\000c\000\040\000u\000n\000\040\000r\000a\000y\000o\000n}{subsection.3.2}% 16
\BOOKMARK [2][-]{subsection.3.3}{\376\377\000S\000c\000\350\000n\000e}{section.3}% 17
\BOOKMARK [3][-]{subsubsection.3.3.1}{\376\377\000O\000m\000b\000r\000e\000s\000\040\000e\000t\000\040\000l\000u\000m\000i\000\350\000r\000e\000s}{subsection.3.3}% 18
\BOOKMARK [3][-]{subsubsection.3.3.2}{\376\377\000A\000f\000f\000i\000c\000h\000a\000g\000e\000\040\000d\000e\000s\000\040\000a\000c\000t\000e\000u\000r\000s}{subsection.3.3}% 19
\BOOKMARK [2][-]{subsection.3.4}{\376\377\000I\000n\000t\000e\000r\000f\000a\000c\000e}{section.3}% 20
\BOOKMARK [1][-]{section.4}{\376\377\000E\000x\000p\000\351\000r\000i\000m\000e\000n\000t\000a\000t\000i\000o\000n\000s}{}% 21
\BOOKMARK [2][-]{subsection.4.1}{\376\377\000D\000e\000s\000\040\000c\000a\000p\000t\000u\000r\000e\000s\000\040\000d\000'\000e\000c\000r\000a\000n\000s\000\040\000d\000e\000\040\000l\000'\000a\000p\000p\000l\000i\000a\000t\000i\000o\000n}{section.4}% 22
\BOOKMARK [2][-]{subsection.4.2}{\376\377\000R\000e\000n\000d\000u\000\040\000f\000i\000n\000a\000l\000\040\000e\000t\000\040\000m\000a\000n\000u\000e\000l\000\040\000d\000'\000u\000t\000i\000l\000i\000s\000a\000t\000i\000o\000n}{section.4}% 23
\BOOKMARK [2][-]{subsection.4.3}{\376\377\000P\000e\000r\000f\000o\000r\000m\000a\000n\000c\000e\000s}{section.4}% 24
\BOOKMARK [3][-]{subsubsection.4.3.1}{\376\377\000B\000e\000n\000c\000h\000m\000a\000r\000k}{subsection.4.3}% 25
\BOOKMARK [3][-]{subsubsection.4.3.2}{\376\377\000O\000p\000t\000i\000m\000i\000s\000a\000t\000i\000o\000n\000s\000\040\000p\000o\000s\000s\000i\000b\000l\000e\000s}{subsection.4.3}% 26
\BOOKMARK [1][-]{section.5}{\376\377\000C\000o\000n\000c\000l\000u\000s\000i\000o\000n}{}% 27
\BOOKMARK [2][-]{subsection.5.1}{\376\377\000\311\000t\000a\000t\000\040\000d\000e\000s\000\040\000o\000b\000j\000e\000c\000t\000i\000f\000s}{section.5}% 28
\BOOKMARK [3][-]{subsubsection.5.1.1}{\376\377\000O\000b\000j\000e\000c\000t\000i\000f\000s\000\040\000a\000t\000t\000e\000i\000n\000t\000s}{subsection.5.1}% 29
\BOOKMARK [3][-]{subsubsection.5.1.2}{\376\377\000O\000b\000j\000e\000c\000t\000i\000f\000s\000\040\000n\000o\000n\000\040\000a\000t\000t\000e\000i\000n\000t\000s}{subsection.5.1}% 30
\BOOKMARK [2][-]{subsection.5.2}{\376\377\000A\000m\000\351\000l\000i\000o\000r\000a\000t\000i\000o\000n\000s\000\040\000p\000o\000s\000s\000i\000b\000l\000e\000s}{section.5}% 31
\BOOKMARK [3][-]{subsubsection.5.2.1}{\376\377\000C\000o\000n\000t\000e\000n\000u\000\040\000d\000i\000s\000p\000o\000n\000i\000b\000l\000e}{subsection.5.2}% 32
\BOOKMARK [3][-]{subsubsection.5.2.2}{\376\377\000F\000o\000n\000c\000t\000i\000o\000n\000n\000a\000l\000i\000t\000\351\000s}{subsection.5.2}% 33
